<?xml version="1.0" encoding="UTF-8"?>
<testsuite xmlns:xsi="http://www.w3.org/2001/XMLSchema-instance" xsi:noNamespaceSchemaLocation="https://maven.apache.org/surefire/maven-surefire-plugin/xsd/surefire-test-report.xsd" version="3.0.2" name="org.apache.commons.lang3.time.DateUtilsTest" time="0.248" tests="38" errors="2" skipped="0" failures="0">
  <properties>
[...]
</properties>
  <testcase name="testParseDateWithLeniency" classname="org.apache.commons.lang3.time.DateUtilsTest" time="0.013">
    <system-out><![CDATA[DateUtilsTest: Default Locale=en_US
]]></system-out>
  </testcase>
  <testcase name="testAddMinutes" classname="org.apache.commons.lang3.time.DateUtilsTest" time="0.003"/>
  <testcase name="testMonthIterator" classname="org.apache.commons.lang3.time.DateUtilsTest" time="0.005"/>
  <testcase name="testRoundLang346" classname="org.apache.commons.lang3.time.DateUtilsTest" time="0.002"/>
  <testcase name="testLANG799_DE_OK" classname="org.apache.commons.lang3.time.DateUtilsTest" time="0.016">
    <error message="Unable to parse the date: Mi, 09 Apr. 2008 23:55:38 GMT" type="java.text.ParseException"><![CDATA[java.text.ParseException: Unable to parse the date: Mi, 09 Apr. 2008 23:55:38 GMT
	at org.apache.commons.lang3.time.DateUtils.parseDateWithLeniency(DateUtils.java:390)
	at org.apache.commons.lang3.time.DateUtils.parseDate(DateUtils.java:290)
	at org.apache.commons.lang3.time.DateUtils.parseDate(DateUtils.java:267)
	at org.apache.commons.lang3.time.DateUtilsTest.testLANG799_DE_OK(DateUtilsTest.java:1595)
	at java.base/jdk.internal.reflect.DirectMethodHandleAccessor.invoke(DirectMethodHandleAccessor.java:104)
	at java.base/java.lang.reflect.Method.invoke(Method.java:565)
	at org.junit.runners.model.FrameworkMethod$1.runReflectiveCall(FrameworkMethod.java:47)
	at org.junit.internal.runners.model.ReflectiveCallable.run(ReflectiveCallable.java:12)
	at org.junit.runners.model.FrameworkMethod.invokeExplosively(FrameworkMethod.java:44)
	at org.junit.internal.runners.statements.InvokeMethod.evaluate(InvokeMethod.java:17)
	at org.junit.internal.runners.statements.RunBefores.evaluate(RunBefores.java:26)
	at org.junit.runners.ParentRunner.runLeaf(ParentRunner.java:271)
	at org.junit.runners.BlockJUnit4ClassRunner.runChild(BlockJUnit4ClassRunner.java:70)
	at org.junit.runners.BlockJUnit4ClassRunner.runChild(BlockJUnit4ClassRunner.java:50)
	at org.junit.runners.ParentRunner$3.run(ParentRunner.java:238)
	at org.junit.runners.ParentRunner$1.schedule(ParentRunner.java:63)
	at org.junit.runners.ParentRunner.runChildren(ParentRunner.java:236)
	at org.junit.runners.ParentRunner.access$000(ParentRunner.java:53)
	at org.junit.runners.ParentRunner$2.evaluate(ParentRunner.java:229)
	at org.junit.runners.ParentRunner.run(ParentRunner.java:309)
	at org.apache.maven.surefire.junit4.JUnit4Provider.execute(JUnit4Provider.java:316)
	at org.apache.maven.surefire.junit4.JUnit4Provider.executeWithRerun(JUnit4Provider.java:240)
	at org.apache.maven.surefire.junit4.JUnit4Provider.executeTestSet(JUnit4Provider.java:214)
	at org.apache.maven.surefire.junit4.JUnit4Provider.invoke(JUnit4Provider.java:155)
	at org.apache.maven.surefire.booter.ForkedBooter.runSuitesInProcess(ForkedBooter.java:385)
	at org.apache.maven.surefire.booter.ForkedBooter.execute(ForkedBooter.java:162)
	at org.apache.maven.surefire.booter.ForkedBooter.run(ForkedBooter.java:507)
	at org.apache.maven.surefire.booter.ForkedBooter.main(ForkedBooter.java:495)
]]></error>
  </testcase>
  <testcase name="testLANG799_EN_OK" classname="org.apache.commons.lang3.time.DateUtilsTest" time="0.001"/>
  <testcase name="testSetMilliseconds" classname="org.apache.commons.lang3.time.DateUtilsTest" time="0.001"/>
  <testcase name="testTruncate" classname="org.apache.commons.lang3.time.DateUtilsTest" time="0.004"/>
  <testcase name="testIsSameLocalTime_Cal" classname="org.apache.commons.lang3.time.DateUtilsTest" time="0.001"/>
  <testcase name="testAddDays" classname="org.apache.commons.lang3.time.DateUtilsTest" time="0.001"/>
  <testcase name="testLANG799_EN_WITH_DE_LOCALE" classname="org.apache.commons.lang3.time.DateUtilsTest" time="0.001">
    <error message="Unable to parse the date: Mi, 09 Apr 2008 23:55:38 GMT" type="java.text.ParseException"><![CDATA[java.text.ParseException: Unable to parse the date: Mi, 09 Apr 2008 23:55:38 GMT
	at org.apache.commons.lang3.time.DateUtils.parseDateWithLeniency(DateUtils.java:390)
	at org.apache.commons.lang3.time.DateUtils.parseDate(DateUtils.java:290)
	at org.apache.commons.lang3.time.DateUtilsTest.testLANG799_EN_WITH_DE_LOCALE(DateUtilsTest.java:1620)
	at java.base/jdk.internal.reflect.DirectMethodHandleAccessor.invoke(DirectMethodHandleAccessor.java:104)
	at java.base/java.lang.reflect.Method.invoke(Method.java:565)
	at org.junit.runners.model.FrameworkMethod$1.runReflectiveCall(FrameworkMethod.java:47)
	at org.junit.internal.runners.model.ReflectiveCallable.run(ReflectiveCallable.java:12)
	at org.junit.runners.model.FrameworkMethod.invokeExplosively(FrameworkMethod.java:44)
	at org.junit.internal.runners.statements.InvokeMethod.evaluate(InvokeMethod.java:17)
	at org.junit.internal.runners.statements.RunBefores.evaluate(RunBefores.java:26)
	at org.junit.runners.ParentRunner.runLeaf(ParentRunner.java:271)
	at org.junit.runners.BlockJUnit4ClassRunner.runChild(BlockJUnit4ClassRunner.java:70)
	at org.junit.runners.BlockJUnit4ClassRunner.runChild(BlockJUnit4ClassRunner.java:50)
	at org.junit.runners.ParentRunner$3.run(ParentRunner.java:238)
	at org.junit.runners.ParentRunner$1.schedule(ParentRunner.java:63)
	at org.junit.runners.ParentRunner.runChildren(ParentRunner.java:236)
	at org.junit.runners.ParentRunner.access$000(ParentRunner.java:53)
	at org.junit.runners.ParentRunner$2.evaluate(ParentRunner.java:229)
	at org.junit.runners.ParentRunner.run(ParentRunner.java:309)
	at org.apache.maven.surefire.junit4.JUnit4Provider.execute(JUnit4Provider.java:316)
	at org.apache.maven.surefire.junit4.JUnit4Provider.executeWithRerun(JUnit4Provider.java:240)
	at org.apache.maven.surefire.junit4.JUnit4Provider.executeTestSet(JUnit4Provider.java:214)
	at org.apache.maven.surefire.junit4.JUnit4Provider.invoke(JUnit4Provider.java:155)
	at org.apache.maven.surefire.booter.ForkedBooter.runSuitesInProcess(ForkedBooter.java:385)
	at org.apache.maven.surefire.booter.ForkedBooter.execute(ForkedBooter.java:162)
	at org.apache.maven.surefire.booter.ForkedBooter.run(ForkedBooter.java:507)
	at org.apache.maven.surefire.booter.ForkedBooter.main(ForkedBooter.java:495)
]]></error>
  </testcase>
  <testcase name="testRound" classname="org.apache.commons.lang3.time.DateUtilsTest" time="0.005"/>
  <testcase name="testParseDate" classname="org.apache.commons.lang3.time.DateUtilsTest" time="0.002"/>
  <testcase name="testCeil" classname="org.apache.commons.lang3.time.DateUtilsTest" time="0.003"/>
  <testcase name="testAddSeconds" classname="org.apache.commons.lang3.time.DateUtilsTest" time="0.0"/>
  <testcase name="testLANG799_EN_FAIL" classname="org.apache.commons.lang3.time.DateUtilsTest" time="0.001"/>
  <testcase name="testSetMinutes" classname="org.apache.commons.lang3.time.DateUtilsTest" time="0.0"/>
  <testcase name="testToCalendar" classname="org.apache.commons.lang3.time.DateUtilsTest" time="0.001"/>
  <testcase name="testAddHours" classname="org.apache.commons.lang3.time.DateUtilsTest" time="0.0"/>
  <testcase name="testAddWeeks" classname="org.apache.commons.lang3.time.DateUtilsTest" time="0.001"/>
  <testcase name="testAddYears" classname="org.apache.commons.lang3.time.DateUtilsTest" time="0.0"/>
  <testcase name="testTruncateLang59" classname="org.apache.commons.lang3.time.DateUtilsTest" time="0.005"/>
  <testcase name="testIsSameInstant_Date" classname="org.apache.commons.lang3.time.DateUtilsTest" time="0.0"/>
  <testcase name="testLang530" classname="org.apache.commons.lang3.time.DateUtilsTest" time="0.134">
    <system-err><![CDATA[WARNING: Use of the three-letter time zone ID "MST" is deprecated and it will be removed in a future release
WARNING: Use of the three-letter time zone ID "AST" is deprecated and it will be removed in a future release
WARNING: Use of the three-letter time zone ID "NST" is deprecated and it will be removed in a future release
WARNING: Use of the three-letter time zone ID "HST" is deprecated and it will be removed in a future release
WARNING: Use of the three-letter time zone ID "ACT" is deprecated and it will be removed in a future release
WARNING: Use of the three-letter time zone ID "BST" is deprecated and it will be removed in a future release
WARNING: Use of the three-letter time zone ID "AET" is deprecated and it will be removed in a future release
WARNING: Use of the three-letter time zone ID "IST" is deprecated and it will be removed in a future release
WARNING: Use of the three-letter time zone ID "CST" is deprecated and it will be removed in a future release
WARNING: Use of the three-letter time zone ID "NET" is deprecated and it will be removed in a future release
WARNING: Use of the three-letter time zone ID "AGT" is deprecated and it will be removed in a future release
WARNING: Use of the three-letter time zone ID "CAT" is deprecated and it will be removed in a future release
WARNING: Use of the three-letter time zone ID "MIT" is deprecated and it will be removed in a future release
WARNING: Use of the three-letter time zone ID "BET" is deprecated and it will be removed in a future release
WARNING: Use of the three-letter time zone ID "PST" is deprecated and it will be removed in a future release
WARNING: Use of the three-letter time zone ID "ART" is deprecated and it will be removed in a future release
WARNING: Use of the three-letter time zone ID "JST" is deprecated and it will be removed in a future release
WARNING: Use of the three-letter time zone ID "VST" is deprecated and it will be removed in a future release
WARNING: Use of the three-letter time zone ID "IET" is deprecated and it will be removed in a future release
WARNING: Use of the three-letter time zone ID "CNT" is deprecated and it will be removed in a future release
WARNING: Use of the three-letter time zone ID "PLT" is deprecated and it will be removed in a future release
WARNING: Use of the three-letter time zone ID "PNT" is deprecated and it will be removed in a future release
WARNING: Use of the three-letter time zone ID "EST" is deprecated and it will be removed in a future release
WARNING: Use of the three-letter time zone ID "EAT" is deprecated and it will be removed in a future release
WARNING: Use of the three-letter time zone ID "ECT" is deprecated and it will be removed in a future release
WARNING: Use of the three-letter time zone ID "PRT" is deprecated and it will be removed in a future release
WARNING: Use of the three-letter time zone ID "CTT" is deprecated and it will be removed in a future release
WARNING: Use of the three-letter time zone ID "SST" is deprecated and it will be removed in a future release
]]></system-err>
  </testcase>
  <testcase name="testSetSeconds" classname="org.apache.commons.lang3.time.DateUtilsTest" time="0.0"/>
  <testcase name="testIsSameInstant_Cal" classname="org.apache.commons.lang3.time.DateUtilsTest" time="0.0"/>
  <testcase name="testAddMonths" classname="org.apache.commons.lang3.time.DateUtilsTest" time="0.0"/>
  <testcase name="testWeekIterator" classname="org.apache.commons.lang3.time.DateUtilsTest" time="0.0"/>
  <testcase name="testSetMonths" classname="org.apache.commons.lang3.time.DateUtilsTest" time="0.0"/>
  <testcase name="testSetDays" classname="org.apache.commons.lang3.time.DateUtilsTest" time="0.0"/>
  <testcase name="testIsSameDay_Date" classname="org.apache.commons.lang3.time.DateUtilsTest" time="0.0"/>
  <testcase name="testIsSameDay_Cal" classname="org.apache.commons.lang3.time.DateUtilsTest" time="0.001"/>
  <testcase name="testIteratorEx" classname="org.apache.commons.lang3.time.DateUtilsTest" time="0.0"/>
  <testcase name="testAddMilliseconds" classname="org.apache.commons.lang3.time.DateUtilsTest" time="0.001"/>
  <testcase name="testConstructor" classname="org.apache.commons.lang3.time.DateUtilsTest" time="0.001"/>
  <testcase name="testSetHours" classname="org.apache.commons.lang3.time.DateUtilsTest" time="0.0"/>
  <testcase name="testSetYears" classname="org.apache.commons.lang3.time.DateUtilsTest" time="0.001"/>
  <testcase name="testLANG799_DE_FAIL" classname="org.apache.commons.lang3.time.DateUtilsTest" time="0.0"/>
</testsuite>