<?xml version="1.0" encoding="UTF-8"?>
<testsuite xmlns:xsi="http://www.w3.org/2001/XMLSchema-instance" xsi:noNamespaceSchemaLocation="https://maven.apache.org/surefire/maven-surefire-plugin/xsd/surefire-test-report.xsd" version="3.0.2" name="org.apache.commons.lang3.HashSetvBitSetTest" time="0.381" tests="2" errors="0" skipped="0" failures="0">
  <properties>
[...]
</properties>
  <testcase name="testTimesExtractOrBitset" classname="org.apache.commons.lang3.HashSetvBitSetTest" time="0.169">
    <system-out><![CDATA[Ratio=127% array=100 count=1 extract=4330400 bitset=5508100
Ratio=42% array=100 count=10 extract=4637200 bitset=1957700
Ratio=16% array=100 count=50 extract=5931500 bitset=955500
Ratio=20% array=100 count=100 extract=9544800 bitset=1967400
Ratio=46% array=1000 count=10 extract=14002700 bitset=6476300
Ratio=72% array=1000 count=100 extract=7942800 bitset=5747600
Ratio=4% array=1000 count=500 extract=27922600 bitset=1233600
Ratio=0% array=1000 count=1000 extract=41066400 bitset=284800
]]></system-out>
  </testcase>
  <testcase name="testTimes" classname="org.apache.commons.lang3.HashSetvBitSetTest" time="0.18">
    <system-out><![CDATA[Ratio=394% count=0 hash=130900 bits=516000
Ratio=60% count=5 hash=821000 bits=494900
Ratio=47% count=10 hash=959300 bits=455200
Ratio=17% count=200 hash=12032500 bits=2118600
Ratio=25% count=50 hash=1961000 bits=501700
Ratio=26% count=100 hash=3965100 bits=1043700
Ratio=25% count=1000 hash=38549000 bits=9706600
Ratio=27% count=2000 hash=80396700 bits=22136400
]]></system-out>
  </testcase>
</testsuite>