<?xml version="1.0" encoding="UTF-8"?>
<testsuite xmlns:xsi="http://www.w3.org/2001/XMLSchema-instance" xsi:noNamespaceSchemaLocation="https://maven.apache.org/surefire/maven-surefire-plugin/xsd/surefire-test-report.xsd" version="3.0.2" name="org.apache.commons.lang3.exception.ContextedRuntimeExceptionTest" time="0.085" tests="14" errors="0" skipped="0" failures="0">
  <properties>
[...]
</properties>
  <testcase name="testContextedException" classname="org.apache.commons.lang3.exception.ContextedRuntimeExceptionTest" time="0.016"/>
  <testcase name="testNullExceptionPassing" classname="org.apache.commons.lang3.exception.ContextedRuntimeExceptionTest" time="0.005"/>
  <testcase name="testRawMessage" classname="org.apache.commons.lang3.exception.ContextedRuntimeExceptionTest" time="0.0"/>
  <testcase name="testContextedExceptionThrowable" classname="org.apache.commons.lang3.exception.ContextedRuntimeExceptionTest" time="0.001"/>
  <testcase name="testContextedExceptionStringThrowableContext" classname="org.apache.commons.lang3.exception.ContextedRuntimeExceptionTest" time="0.001"/>
  <testcase name="testContextedExceptionString" classname="org.apache.commons.lang3.exception.ContextedRuntimeExceptionTest" time="0.0"/>
  <testcase name="testContextedExceptionStringThrowable" classname="org.apache.commons.lang3.exception.ContextedRuntimeExceptionTest" time="0.001"/>
  <testcase name="testAddContextValue" classname="org.apache.commons.lang3.exception.ContextedRuntimeExceptionTest" time="0.001"/>
  <testcase name="testJavaSerialization" classname="org.apache.commons.lang3.exception.ContextedRuntimeExceptionTest" time="0.024"/>
  <testcase name="testSetContextValue" classname="org.apache.commons.lang3.exception.ContextedRuntimeExceptionTest" time="0.0"/>
  <testcase name="testGetContextEntries" classname="org.apache.commons.lang3.exception.ContextedRuntimeExceptionTest" time="0.0"/>
  <testcase name="testGetContextLabels" classname="org.apache.commons.lang3.exception.ContextedRuntimeExceptionTest" time="0.0"/>
  <testcase name="testGetFirstContextValue" classname="org.apache.commons.lang3.exception.ContextedRuntimeExceptionTest" time="0.0"/>
  <testcase name="testGetContextValues" classname="org.apache.commons.lang3.exception.ContextedRuntimeExceptionTest" time="0.0"/>
</testsuite>